This is pdfTeX, Version 3.1415926-2.5-1.40.14 (TeX Live 2013/Debian) (format=pdflatex 2015.8.28)  5 MAY 2016 08:16
entering extended mode
 restricted \write18 enabled.
 %&-line parsing enabled.
**main.tex
(./main.tex
LaTeX2e <2011/06/27>
Babel <3.9h> and hyphenation patterns for 3 languages loaded.
(./style/abntex2.cls

LaTeX Warning: You have requested document class `style/abntex2',
               but the document class provides `abntex2'.

Document Class: abntex2 2015/12/26 v1.9.6 abnTeX2
(/usr/share/texlive/texmf-dist/tex/latex/base/ifthen.sty
Package: ifthen 2001/05/26 v1.1c Standard LaTeX ifthen package (DPC)
)
(/usr/share/texlive/texmf-dist/tex/latex/memoir/memoir.cls
Document Class: memoir 2013/05/30 v3.7b configurable book, report, article docu
ment class
\onelineskip=\skip41
\lxvchars=\skip42
\xlvchars=\skip43
\@memcnta=\count79
\c@@memmarkcntra=\count80
(/usr/share/texlive/texmf-dist/tex/generic/oberdiek/ifpdf.sty
Package: ifpdf 2011/01/30 v2.3 Provides the ifpdf switch (HO)
Package ifpdf Info: pdfTeX in PDF mode is detected.
)
Class memoir Info: An `ifetex' package is being emulated on input line 265.

(/usr/share/texlive/texmf-dist/tex/generic/ifxetex/ifxetex.sty
Package: ifxetex 2010/09/12 v0.6 Provides ifxetex conditional
)
(/usr/share/texlive/texmf-dist/tex/generic/oberdiek/ifluatex.sty
Package: ifluatex 2010/03/01 v1.3 Provides the ifluatex switch (HO)
Package ifluatex Info: LuaTeX not detected.
)
\stockheight=\skip44
\stockwidth=\skip45
\trimtop=\skip46
\trimedge=\skip47

(/usr/share/texlive/texmf-dist/tex/latex/etex-pkg/etex.sty
Package: etex 1998/03/26 v2.0 eTeX basic definition package (PEB)
\et@xins=\count81
)
(/usr/share/texlive/texmf-dist/tex/latex/memoir/mem12.clo
File: mem12.clo 2010/10/19 v0.4b memoir class 12pt size option
)
\binding=\skip48
\spinemargin=\skip49
\foremargin=\skip50
\uppermargin=\skip51
\lowermargin=\skip52
\headdrop=\skip53
\normalrulethickness=\skip54
\mem@maxheadheight=\skip55
\mem@maxfootheight=\skip56
\headwidth=\skip57
\c@storedpagenumber=\count82
\memPD=\dimen102
\m@mabparskip=\skip58
\thanksmarkwidth=\skip59
\thanksmarksep=\skip60
\droptitle=\skip61
\c@book=\count83
\c@part=\count84
\c@chapter=\count85
\c@section=\count86
\c@subsection=\count87
\c@subsubsection=\count88
\c@paragraph=\count89
\c@subparagraph=\count90
\beforechapskip=\skip62
\midchapskip=\skip63
\afterchapskip=\skip64
\chapindent=\skip65
\bottomsectionskip=\skip66
\secindent=\skip67
\beforesecskip=\skip68
\aftersecskip=\skip69
\subsecindent=\skip70
\beforesubsecskip=\skip71
\aftersubsecskip=\skip72
\subsubsecindent=\skip73
\beforesubsubsecskip=\skip74
\aftersubsubsecskip=\skip75
\paraindent=\skip76
\beforeparaskip=\skip77
\afterparaskip=\skip78
\subparaindent=\skip79
\beforesubparaskip=\skip80
\aftersubparaskip=\skip81
\pfbreakskip=\skip82
\c@@ppsavesec=\count91
\c@@ppsaveapp=\count92
\ragrparindent=\dimen103
\everylistparindent=\dimen104
\parsepi=\skip83
\topsepi=\skip84
\itemsepi=\skip85
\parsepii=\skip86
\topsepii=\skip87
\topsepiii=\skip88
\itemsepii=\skip89
\itemsepiii=\skip90
\partopsepii=\skip91
\partopsepiii=\skip92
\m@msavetopsep=\skip93
\m@msavepartopsep=\skip94
\@enLab=\toks14
\abstitleskip=\skip95
\absleftindent=\skip96
\abs@leftindent=\dimen105
\absrightindent=\skip97
\absparindent=\skip98
\absparsep=\skip99
\c@vslineno=\count93
\c@poemline=\count94
\c@modulo@vs=\count95
\c@memfvsline=\count96
\vleftskip=\skip100
\vrightskip=\skip101
\stanzaskip=\skip102
\versewidth=\skip103
\vgap=\skip104
\vindent=\skip105
\vleftmargin=\dimen106
\c@verse=\count97
\c@chrsinstr=\count98
\beforepoemtitleskip=\skip106
\afterpoemtitleskip=\skip107
\c@poem=\count99
\beforePoemTitleskip=\skip108
\midPoemTitleskip=\skip109
\afterPoemTitleskip=\skip110
\col@sep=\dimen107
\extrarowheight=\dimen108
\NC@list=\toks15
\extratabsurround=\skip111
\backup@length=\skip112
\TX@col@width=\dimen109
\TX@old@table=\dimen110
\TX@old@col=\dimen111
\TX@target=\dimen112
\TX@delta=\dimen113
\TX@cols=\count100
\TX@ftn=\toks16
\heavyrulewidth=\dimen114
\lightrulewidth=\dimen115
\cmidrulewidth=\dimen116
\belowrulesep=\dimen117
\belowbottomsep=\dimen118
\aboverulesep=\dimen119
\abovetopsep=\dimen120
\cmidrulesep=\dimen121
\cmidrulekern=\dimen122
\defaultaddspace=\dimen123
\@cmidla=\count101
\@cmidlb=\count102
\@aboverulesep=\dimen124
\@belowrulesep=\dimen125
\@thisruleclass=\count103
\@lastruleclass=\count104
\@thisrulewidth=\dimen126
\ctableftskip=\skip113
\ctabrightskip=\skip114
\abovecolumnspenalty=\count105
\@linestogo=\count106
\@cellstogo=\count107
\@cellsincolumn=\count108
\crtok=\toks17
\@mincolumnwidth=\dimen127
\c@newflo@tctr=\count109
\mem@margin@floatbox=\box26
\@contcwidth=\skip115
\@contindw=\skip116
\abovecaptionskip=\skip117
\belowcaptionskip=\skip118
\subfloattopskip=\skip119
\subfloatcapskip=\skip120
\subfloatcaptopadj=\skip121
\subfloatbottomskip=\skip122
\subfloatlabelskip=\skip123
\subfloatcapmargin=\dimen128
\c@@contsubnum=\count110
\m@mscap@capbox=\box27
\m@mscap@fbox=\box28
\sidecapsep=\dimen129
\sidecapwidth=\dimen130
\m@m@tempdima=\dimen131
\m@mscapraise=\dimen132
\sidecapraise=\dimen133
\m@mscapmainwidth=\dimen134
\m@mscaplkern=\dimen135
\beforeepigraphskip=\skip124
\afterepigraphskip=\skip125
\epigraphwidth=\skip126
\epigraphrule=\skip127
LaTeX Info: Redefining \em on input line 7492.
LaTeX Info: Redefining \emph on input line 7500.
\tocentryskip=\skip128
\tocbaseline=\skip129
\cftparskip=\skip130
\cftbeforebookskip=\skip131
\cftbookindent=\dimen136
\cftbooknumwidth=\dimen137
\cftbeforepartskip=\skip132
\cftpartindent=\skip133
\cftpartnumwidth=\skip134
\cftbeforechapterskip=\skip135
\cftchapterindent=\skip136
\cftchapternumwidth=\skip137
\cftbeforesectionskip=\skip138
\cftsectionindent=\skip139
\cftsectionnumwidth=\skip140
\cftbeforesubsectionskip=\skip141
\cftsubsectionindent=\skip142
\cftsubsectionnumwidth=\skip143
\cftbeforesubsubsectionskip=\skip144
\cftsubsubsectionindent=\skip145
\cftsubsubsectionnumwidth=\skip146
\cftbeforeparagraphskip=\skip147
\cftparagraphindent=\skip148
\cftparagraphnumwidth=\skip149
\cftbeforesubparagraphskip=\skip150
\cftsubparagraphindent=\skip151
\cftsubparagraphnumwidth=\skip152
\prechapterprecisshift=\dimen138
\c@maxsecnumdepth=\count111
\bibindent=\dimen139
\bibitemsep=\skip153
\indexcolsep=\skip154
\indexrule=\skip155
\indexmarkstyle=\toks18
\@indexbox=\insert233
\glossarycolsep=\dimen140
\glossaryrule=\dimen141
\sideparvshift=\skip156
\sideins=\insert232
\sidebartopsep=\skip157
\sidebarhsep=\skip158
\sidebarvsep=\skip159
\sidebarwidth=\skip160
\footmarkwidth=\skip161
\footmarksep=\skip162
\footparindent=\skip163
\footinsdim=\skip164
\footinsv@r=\insert231
\@mpfootinsv@r=\insert230
\m@m@k=\count112
\m@m@h=\dimen142
\m@mipn@skip=\skip165
\sidefootins=\insert229
\sidefootadjust=\skip166
\sidefootheight=\skip167
\sidefoothsep=\skip168
\sidefootvsep=\skip169
\sidefootwidth=\skip170
\m@mdownsf=\skip171
\c@sidefootnote=\count113
\sidefootmarkwidth=\skip172
\sidefootmarksep=\skip173
\sidefootparindent=\skip174
\c@pagenote=\count114
\c@pagenoteshadow=\count115
\mem@pn@lastkern=\skip175
\every@verbatim=\toks19
\afterevery@verbatim=\toks20
\verbatim@line=\toks21
\tab@position=\count116
\verbatim@in@stream=\read1
\verbatimindent=\skip176
\verbatim@out=\write3
\bvboxsep=\skip177
\c@memfbvline=\count117
\c@bvlinectr=\count118
\bvnumlength=\skip178
\fb@frw=\dimen143
\fb@frh=\dimen144
\FrameRule=\dimen145
\FrameSep=\dimen146
\c@cp@cntr=\count119
LaTeX Info: Redefining \: on input line 11958.
LaTeX Info: Redefining \! on input line 11960.
\c@ism@mctr=\count120
\c@xsm@mctr=\count121
\c@csm@mctr=\count122
\c@ksm@mctr=\count123
\c@xksm@mctr=\count124
\c@cksm@mctr=\count125
\c@msm@mctr=\count126
\c@xmsm@mctr=\count127
\c@cmsm@mctr=\count128
\c@bsm@mctr=\count129
\c@workm@mctr=\count130
\c@sheetsequence=\count131
\c@lastsheet=\count132
\c@lastpage=\count133
\c@figure=\count134
\c@lofdepth=\count135
\cftbeforefigureskip=\skip179
\cftfigureindent=\skip180
\cftfigurenumwidth=\skip181
\c@table=\count136
\c@lotdepth=\count137
\cftbeforetableskip=\skip182
\cfttableindent=\skip183
\cfttablenumwidth=\skip184
Package abstract [2008/07/23] emulated by memoir.
Package appendix [2008/07/23] emulated by memoir.
Package array [2008/09/09] emulated by memoir.
Package booktabs [2008/07/23] emulated by memoir.
Package ccaption [2008/07/23] emulated by memoir.
Package changepage [2008/07/23] emulated by memoir.
Package chngcntr [2008/07/23] emulated by memoir.
Package chngpage [2008/07/23] emulated by memoir.
Package crop emulated by memoir.
Package dcolumn [2008/07/23] emulated by memoir.
Package delarray [2008/07/23] emulated by memoir.
Package enumerate [2008/07/23] emulated by memoir.
Package epigraph [2008/07/23] emulated by memoir.
Package ifmtarg [2008/07/23] emulated by memoir.
Package ifetex [2008/07/23] emulated by memoir.
Package index [2008/07/23] emulated by memoir.
Package makeidx [2008/07/23] emulated by memoir.
Package moreverb [2008/07/23] emulated by memoir.
Package mparhack [2008/07/23] emulated by memoir.
Package needspace [2008/07/23] emulated by memoir.
Package newfile [2008/07/23] emulated by memoir.
Package nextpage [2008/07/23] emulated by memoir.
Package pagenote [2008/07/23] emulated by memoir.
Package parskip [2008/07/23] emulated by memoir.
Package patchcmd [2008/07/23] emulated by memoir.
Package setspace [2008/07/23] emulated by memoir.
Package shortvrb [2008/07/23] emulated by memoir.
Package showidx [2008/07/23] emulated by memoir.
Package tabularx [2008/07/23] emulated by memoir.
Package titleref [2008/07/23] emulated by memoir.
Package titling [2008/07/23] emulated by memoir.
Package tocbibind [2008/07/23] emulated by memoir.
Package tocloft [2008/07/23] emulated by memoir.
Package tocvsec2 [2008/07/23] emulated by memoir.
Package verbatim [2008/07/23] emulated by memoir.
Package verse [2008/07/23] emulated by memoir.

(/usr/share/texlive/texmf-dist/tex/latex/memoir/mempatch.sty
Package: mempatch 2009/07/24 v6.0f Patches for memoir class v1.6180339
))
(/usr/share/texlive/texmf-dist/tex/latex/textcase/textcase.sty
Package: textcase 2004/10/07 v0.07 Text only upper/lower case changing (DPC)
LaTeX Info: Redefining \MakeTextUppercase on input line 47.
LaTeX Info: Redefining \MakeTextLowercase on input line 50.
)
(/usr/share/texlive/texmf-dist/tex/latex/hyperref/hyperref.sty
Package: hyperref 2012/11/06 v6.83m Hypertext links for LaTeX

(/usr/share/texlive/texmf-dist/tex/generic/oberdiek/hobsub-hyperref.sty
Package: hobsub-hyperref 2012/05/28 v1.13 Bundle oberdiek, subset hyperref (HO)


(/usr/share/texlive/texmf-dist/tex/generic/oberdiek/hobsub-generic.sty
Package: hobsub-generic 2012/05/28 v1.13 Bundle oberdiek, subset generic (HO)
Package: hobsub 2012/05/28 v1.13 Construct package bundles (HO)
Package: infwarerr 2010/04/08 v1.3 Providing info/warning/error messages (HO)
Package: ltxcmds 2011/11/09 v1.22 LaTeX kernel commands for general use (HO)
Package hobsub Info: Skipping package `ifluatex' (already loaded).
Package: ifvtex 2010/03/01 v1.5 Detect VTeX and its facilities (HO)
Package ifvtex Info: VTeX not detected.
Package: intcalc 2007/09/27 v1.1 Expandable calculations with integers (HO)
Package hobsub Info: Skipping package `ifpdf' (already loaded).
Package: etexcmds 2011/02/16 v1.5 Avoid name clashes with e-TeX commands (HO)
Package etexcmds Info: Could not find \expanded.
(etexcmds)             That can mean that you are not using pdfTeX 1.50 or
(etexcmds)             that some package has redefined \expanded.
(etexcmds)             In the latter case, load this package earlier.
Package: kvsetkeys 2012/04/25 v1.16 Key value parser (HO)
Package: kvdefinekeys 2011/04/07 v1.3 Define keys (HO)
Package: pdftexcmds 2011/11/29 v0.20 Utility functions of pdfTeX for LuaTeX (HO
)
Package pdftexcmds Info: LuaTeX not detected.
Package pdftexcmds Info: \pdf@primitive is available.
Package pdftexcmds Info: \pdf@ifprimitive is available.
Package pdftexcmds Info: \pdfdraftmode found.
Package: pdfescape 2011/11/25 v1.13 Implements pdfTeX's escape features (HO)
Package: bigintcalc 2012/04/08 v1.3 Expandable calculations on big integers (HO
)
Package: bitset 2011/01/30 v1.1 Handle bit-vector datatype (HO)
Package: uniquecounter 2011/01/30 v1.2 Provide unlimited unique counter (HO)
)
Package hobsub Info: Skipping package `hobsub' (already loaded).
Package: letltxmacro 2010/09/02 v1.4 Let assignment for LaTeX macros (HO)
Package: hopatch 2012/05/28 v1.2 Wrapper for package hooks (HO)
Package: xcolor-patch 2011/01/30 xcolor patch
Package: atveryend 2011/06/30 v1.8 Hooks at the very end of document (HO)
Package atveryend Info: \enddocument detected (standard20110627).
Package: atbegshi 2011/10/05 v1.16 At begin shipout hook (HO)
Package: refcount 2011/10/16 v3.4 Data extraction from label references (HO)
Package: hycolor 2011/01/30 v1.7 Color options for hyperref/bookmark (HO)
)
(/usr/share/texlive/texmf-dist/tex/latex/graphics/keyval.sty
Package: keyval 1999/03/16 v1.13 key=value parser (DPC)
\KV@toks@=\toks22
)
(/usr/share/texlive/texmf-dist/tex/latex/oberdiek/auxhook.sty
Package: auxhook 2011/03/04 v1.3 Hooks for auxiliary files (HO)
)
(/usr/share/texlive/texmf-dist/tex/latex/oberdiek/kvoptions.sty
Package: kvoptions 2011/06/30 v3.11 Key value format for package options (HO)
)
\@linkdim=\dimen147
\Hy@linkcounter=\count138
\Hy@pagecounter=\count139

(/usr/share/texlive/texmf-dist/tex/latex/hyperref/pd1enc.def
File: pd1enc.def 2012/11/06 v6.83m Hyperref: PDFDocEncoding definition (HO)
)
\Hy@SavedSpaceFactor=\count140

(/usr/share/texlive/texmf-dist/tex/latex/latexconfig/hyperref.cfg
File: hyperref.cfg 2002/06/06 v1.2 hyperref configuration of TeXLive
)
Package hyperref Info: Hyper figures OFF on input line 4443.
Package hyperref Info: Link nesting OFF on input line 4448.
Package hyperref Info: Hyper index ON on input line 4451.
Package hyperref Info: Plain pages OFF on input line 4458.
Package hyperref Info: Backreferencing OFF on input line 4463.
Package hyperref Info: Implicit mode ON; LaTeX internals redefined.
Package hyperref Info: Bookmarks ON on input line 4688.
\c@Hy@tempcnt=\count141

(/usr/share/texlive/texmf-dist/tex/latex/url/url.sty
\Urlmuskip=\muskip10
Package: url 2013/09/16  ver 3.4  Verb mode for urls, etc.
)
LaTeX Info: Redefining \url on input line 5041.
\XeTeXLinkMargin=\dimen148
\Fld@menulength=\count142
\Field@Width=\dimen149
\Fld@charsize=\dimen150
Package hyperref Info: Hyper figures OFF on input line 6295.
Package hyperref Info: Link nesting OFF on input line 6300.
Package hyperref Info: Hyper index ON on input line 6303.
Package hyperref Info: backreferencing OFF on input line 6310.
Package hyperref Info: Link coloring OFF on input line 6315.
Package hyperref Info: Link coloring with OCG OFF on input line 6320.
Package hyperref Info: PDF/A mode OFF on input line 6325.
LaTeX Info: Redefining \ref on input line 6365.
LaTeX Info: Redefining \pageref on input line 6369.
\Hy@abspage=\count143
\c@Item=\count144
\c@Hfootnote=\count145
)
(/usr/share/texlive/texmf-dist/tex/latex/memoir/memhfixc.sty
Package: memhfixc 2013/05/30 v1.17 nameref/hyperref package fixes for memoir cl
ass
\c@memhycontfloat=\count146
\c@Hpagenote=\count147
)

Package hyperref Message: Driver (autodetected): hpdftex.

(/usr/share/texlive/texmf-dist/tex/latex/hyperref/hpdftex.def
File: hpdftex.def 2012/11/06 v6.83m Hyperref driver for pdfTeX
\Fld@listcount=\count148
\c@bookmark@seq@number=\count149

(/usr/share/texlive/texmf-dist/tex/latex/oberdiek/rerunfilecheck.sty
Package: rerunfilecheck 2011/04/15 v1.7 Rerun checks for auxiliary files (HO)
Package uniquecounter Info: New unique counter `rerunfilecheck' on input line 2
82.
)
\Hy@SectionHShift=\skip185
)
(/usr/share/texlive/texmf-dist/tex/latex/oberdiek/bookmark.sty
Package: bookmark 2011/12/02 v1.24 PDF bookmarks (HO)

(/usr/share/texlive/texmf-dist/tex/latex/oberdiek/bkm-pdftex.def
File: bkm-pdftex.def 2011/12/02 v1.24 bookmark driver for pdfTeX (HO)
\BKM@id=\count150
))
(/usr/share/texlive/texmf-dist/tex/generic/babel/babel.sty
Package: babel 2013/12/03 3.9h The Babel package

(/usr/share/texlive/texmf-dist/tex/generic/babel-english/english.ldf
Language: english 2012/08/20 v3.3p English support from the babel system

(/usr/share/texlive/texmf-dist/tex/generic/babel/babel.def
File: babel.def 2013/12/03 3.9h Babel common definitions
\babel@savecnt=\count151
\U@D=\dimen151
)
\l@british = a dialect from \language\l@english 
\l@UKenglish = a dialect from \language\l@english 
\l@canadian = a dialect from \language\l@american 
\l@australian = a dialect from \language\l@british 
\l@newzealand = a dialect from \language\l@british 
)
(/usr/share/texlive/texmf-dist/tex/generic/babel-portuges/portuges.ldf
Language: portuges 2008/03/18 v1.2q Portuguese support from the babel system
\l@brazil = a dialect from \language\l@portuges 
Package babel Info: Making " an active character on input line 145.
))
(/usr/share/texlive/texmf-dist/tex/latex/enumitem/enumitem.sty
Package: enumitem 2011/09/28 v3.5.2 Customized lists
\labelindent=\skip186
\enit@outerparindent=\dimen152
\enit@toks=\toks23
\enit@inbox=\box29
\enitdp@description=\count152
)
(/usr/share/texlive/texmf-dist/tex/latex/tools/calc.sty
Package: calc 2007/08/22 v4.3 Infix arithmetic (KKT,FJ)
\calc@Acount=\count153
\calc@Bcount=\count154
\calc@Adimen=\dimen153
\calc@Bdimen=\dimen154
\calc@Askip=\skip187
\calc@Bskip=\skip188
LaTeX Info: Redefining \setlength on input line 76.
LaTeX Info: Redefining \addtolength on input line 77.
\calc@Ccount=\count155
\calc@Cskip=\skip189
)

******************************************************
Stock height and width: 845.04684pt by 597.50787pt
Top and edge trims: 0pt and 0pt
Page height and width: 845.04684pt by 597.50787pt
Text height and width: 708pt by 455pt
Spine and edge margins: 85.35826pt and 56.9055pt
Upper and lower margins: 85.35826pt and 51.68858pt
Headheight and headsep: 14.5pt and 19.8738pt
Footskip: 30pt
Columnsep and columnseprule: 10pt and 0pt
Marginparsep and marginparwidth: 7pt and 42.9055pt
Sidecapsep and sidecapwidth: 7pt and 92pt
Sidebarhsep and sidebarwidth: 7pt and 92pt
Sidebarvsep and sidebartopsep: 14.5pt and 0pt
Sidebarheight: 590.14995pt
Sidefoothsep and sidefootwidth: 7pt and 92pt
Sidefootvsep and sidefootheight: 14.5pt and 590.14995pt
******************************************************

\c@abntex@bookmarkcounter=\count156
\cftlastnumwidth=\skip190
\chapternamenumlength=\skip191
\ABNTEXcitacaorecuo=\skip192
\c@alineasi=\count157
\c@alineasii=\count158
\enitdp@alineas=\count159
\c@subalineasi=\count160
\enitdp@subalineas=\count161
\c@incisosi=\count162
\enitdp@incisos=\count163
\ABNTEXsignwidth=\skip193
\ABNTEXsignthickness=\skip194
\ABNTEXsignskip=\skip195
) (/usr/share/texmf/tex/latex/lm/lmodern.sty
Package: lmodern 2009/10/30 v1.6 Latin Modern Fonts
LaTeX Font Info:    Overwriting symbol font `operators' in version `normal'
(Font)                  OT1/cmr/m/n --> OT1/lmr/m/n on input line 22.
LaTeX Font Info:    Overwriting symbol font `letters' in version `normal'
(Font)                  OML/cmm/m/it --> OML/lmm/m/it on input line 23.
LaTeX Font Info:    Overwriting symbol font `symbols' in version `normal'
(Font)                  OMS/cmsy/m/n --> OMS/lmsy/m/n on input line 24.
LaTeX Font Info:    Overwriting symbol font `largesymbols' in version `normal'
(Font)                  OMX/cmex/m/n --> OMX/lmex/m/n on input line 25.
LaTeX Font Info:    Overwriting symbol font `operators' in version `bold'
(Font)                  OT1/cmr/bx/n --> OT1/lmr/bx/n on input line 26.
LaTeX Font Info:    Overwriting symbol font `letters' in version `bold'
(Font)                  OML/cmm/b/it --> OML/lmm/b/it on input line 27.
LaTeX Font Info:    Overwriting symbol font `symbols' in version `bold'
(Font)                  OMS/cmsy/b/n --> OMS/lmsy/b/n on input line 28.
LaTeX Font Info:    Overwriting symbol font `largesymbols' in version `bold'
(Font)                  OMX/cmex/m/n --> OMX/lmex/m/n on input line 29.
LaTeX Font Info:    Overwriting math alphabet `\mathbf' in version `normal'
(Font)                  OT1/cmr/bx/n --> OT1/lmr/bx/n on input line 31.
LaTeX Font Info:    Overwriting math alphabet `\mathsf' in version `normal'
(Font)                  OT1/cmss/m/n --> OT1/lmss/m/n on input line 32.
LaTeX Font Info:    Overwriting math alphabet `\mathit' in version `normal'
(Font)                  OT1/cmr/m/it --> OT1/lmr/m/it on input line 33.
LaTeX Font Info:    Overwriting math alphabet `\mathtt' in version `normal'
(Font)                  OT1/cmtt/m/n --> OT1/lmtt/m/n on input line 34.
LaTeX Font Info:    Overwriting math alphabet `\mathbf' in version `bold'
(Font)                  OT1/cmr/bx/n --> OT1/lmr/bx/n on input line 35.
LaTeX Font Info:    Overwriting math alphabet `\mathsf' in version `bold'
(Font)                  OT1/cmss/bx/n --> OT1/lmss/bx/n on input line 36.
LaTeX Font Info:    Overwriting math alphabet `\mathit' in version `bold'
(Font)                  OT1/cmr/bx/it --> OT1/lmr/bx/it on input line 37.
LaTeX Font Info:    Overwriting math alphabet `\mathtt' in version `bold'
(Font)                  OT1/cmtt/m/n --> OT1/lmtt/m/n on input line 38.
)
(/usr/share/texlive/texmf-dist/tex/latex/base/fontenc.sty
Package: fontenc 2005/09/27 v1.99g Standard LaTeX package

(/usr/share/texlive/texmf-dist/tex/latex/base/t1enc.def
File: t1enc.def 2005/09/27 v1.99g Standard LaTeX file
LaTeX Font Info:    Redeclaring font encoding T1 on input line 43.
))
(/usr/share/texlive/texmf-dist/tex/latex/base/inputenc.sty
Package: inputenc 2008/03/30 v1.1d Input encoding file
\inpenc@prehook=\toks24
\inpenc@posthook=\toks25

(/usr/share/texlive/texmf-dist/tex/latex/base/utf8.def
File: utf8.def 2008/04/05 v1.1m UTF-8 support for inputenc
Now handling font encoding OML ...
... no UTF-8 mapping file for font encoding OML
Now handling font encoding T1 ...
... processing UTF-8 mapping file for font encoding T1

(/usr/share/texlive/texmf-dist/tex/latex/base/t1enc.dfu
File: t1enc.dfu 2008/04/05 v1.1m UTF-8 support for inputenc
   defining Unicode char U+00A1 (decimal 161)
   defining Unicode char U+00A3 (decimal 163)
   defining Unicode char U+00AB (decimal 171)
   defining Unicode char U+00BB (decimal 187)
   defining Unicode char U+00BF (decimal 191)
   defining Unicode char U+00C0 (decimal 192)
   defining Unicode char U+00C1 (decimal 193)
   defining Unicode char U+00C2 (decimal 194)
   defining Unicode char U+00C3 (decimal 195)
   defining Unicode char U+00C4 (decimal 196)
   defining Unicode char U+00C5 (decimal 197)
   defining Unicode char U+00C6 (decimal 198)
   defining Unicode char U+00C7 (decimal 199)
   defining Unicode char U+00C8 (decimal 200)
   defining Unicode char U+00C9 (decimal 201)
   defining Unicode char U+00CA (decimal 202)
   defining Unicode char U+00CB (decimal 203)
   defining Unicode char U+00CC (decimal 204)
   defining Unicode char U+00CD (decimal 205)
   defining Unicode char U+00CE (decimal 206)
   defining Unicode char U+00CF (decimal 207)
   defining Unicode char U+00D0 (decimal 208)
   defining Unicode char U+00D1 (decimal 209)
   defining Unicode char U+00D2 (decimal 210)
   defining Unicode char U+00D3 (decimal 211)
   defining Unicode char U+00D4 (decimal 212)
   defining Unicode char U+00D5 (decimal 213)
   defining Unicode char U+00D6 (decimal 214)
   defining Unicode char U+00D8 (decimal 216)
   defining Unicode char U+00D9 (decimal 217)
   defining Unicode char U+00DA (decimal 218)
   defining Unicode char U+00DB (decimal 219)
   defining Unicode char U+00DC (decimal 220)
   defining Unicode char U+00DD (decimal 221)
   defining Unicode char U+00DE (decimal 222)
   defining Unicode char U+00DF (decimal 223)
   defining Unicode char U+00E0 (decimal 224)
   defining Unicode char U+00E1 (decimal 225)
   defining Unicode char U+00E2 (decimal 226)
   defining Unicode char U+00E3 (decimal 227)
   defining Unicode char U+00E4 (decimal 228)
   defining Unicode char U+00E5 (decimal 229)
   defining Unicode char U+00E6 (decimal 230)
   defining Unicode char U+00E7 (decimal 231)
   defining Unicode char U+00E8 (decimal 232)
   defining Unicode char U+00E9 (decimal 233)
   defining Unicode char U+00EA (decimal 234)
   defining Unicode char U+00EB (decimal 235)
   defining Unicode char U+00EC (decimal 236)
   defining Unicode char U+00ED (decimal 237)
   defining Unicode char U+00EE (decimal 238)
   defining Unicode char U+00EF (decimal 239)
   defining Unicode char U+00F0 (decimal 240)
   defining Unicode char U+00F1 (decimal 241)
   defining Unicode char U+00F2 (decimal 242)
   defining Unicode char U+00F3 (decimal 243)
   defining Unicode char U+00F4 (decimal 244)
   defining Unicode char U+00F5 (decimal 245)
   defining Unicode char U+00F6 (decimal 246)
   defining Unicode char U+00F8 (decimal 248)
   defining Unicode char U+00F9 (decimal 249)
   defining Unicode char U+00FA (decimal 250)
   defining Unicode char U+00FB (decimal 251)
   defining Unicode char U+00FC (decimal 252)
   defining Unicode char U+00FD (decimal 253)
   defining Unicode char U+00FE (decimal 254)
   defining Unicode char U+00FF (decimal 255)
   defining Unicode char U+0102 (decimal 258)
   defining Unicode char U+0103 (decimal 259)
   defining Unicode char U+0104 (decimal 260)
   defining Unicode char U+0105 (decimal 261)
   defining Unicode char U+0106 (decimal 262)
   defining Unicode char U+0107 (decimal 263)
   defining Unicode char U+010C (decimal 268)
   defining Unicode char U+010D (decimal 269)
   defining Unicode char U+010E (decimal 270)
   defining Unicode char U+010F (decimal 271)
   defining Unicode char U+0110 (decimal 272)
   defining Unicode char U+0111 (decimal 273)
   defining Unicode char U+0118 (decimal 280)
   defining Unicode char U+0119 (decimal 281)
   defining Unicode char U+011A (decimal 282)
   defining Unicode char U+011B (decimal 283)
   defining Unicode char U+011E (decimal 286)
   defining Unicode char U+011F (decimal 287)
   defining Unicode char U+0130 (decimal 304)
   defining Unicode char U+0131 (decimal 305)
   defining Unicode char U+0132 (decimal 306)
   defining Unicode char U+0133 (decimal 307)
   defining Unicode char U+0139 (decimal 313)
   defining Unicode char U+013A (decimal 314)
   defining Unicode char U+013D (decimal 317)
   defining Unicode char U+013E (decimal 318)
   defining Unicode char U+0141 (decimal 321)
   defining Unicode char U+0142 (decimal 322)
   defining Unicode char U+0143 (decimal 323)
   defining Unicode char U+0144 (decimal 324)
   defining Unicode char U+0147 (decimal 327)
   defining Unicode char U+0148 (decimal 328)
   defining Unicode char U+014A (decimal 330)
   defining Unicode char U+014B (decimal 331)
   defining Unicode char U+0150 (decimal 336)
   defining Unicode char U+0151 (decimal 337)
   defining Unicode char U+0152 (decimal 338)
   defining Unicode char U+0153 (decimal 339)
   defining Unicode char U+0154 (decimal 340)
   defining Unicode char U+0155 (decimal 341)
   defining Unicode char U+0158 (decimal 344)
   defining Unicode char U+0159 (decimal 345)
   defining Unicode char U+015A (decimal 346)
   defining Unicode char U+015B (decimal 347)
   defining Unicode char U+015E (decimal 350)
   defining Unicode char U+015F (decimal 351)
   defining Unicode char U+0160 (decimal 352)
   defining Unicode char U+0161 (decimal 353)
   defining Unicode char U+0162 (decimal 354)
   defining Unicode char U+0163 (decimal 355)
   defining Unicode char U+0164 (decimal 356)
   defining Unicode char U+0165 (decimal 357)
   defining Unicode char U+016E (decimal 366)
   defining Unicode char U+016F (decimal 367)
   defining Unicode char U+0170 (decimal 368)
   defining Unicode char U+0171 (decimal 369)
   defining Unicode char U+0178 (decimal 376)
   defining Unicode char U+0179 (decimal 377)
   defining Unicode char U+017A (decimal 378)
   defining Unicode char U+017B (decimal 379)
   defining Unicode char U+017C (decimal 380)
   defining Unicode char U+017D (decimal 381)
   defining Unicode char U+017E (decimal 382)
   defining Unicode char U+200C (decimal 8204)
   defining Unicode char U+2013 (decimal 8211)
   defining Unicode char U+2014 (decimal 8212)
   defining Unicode char U+2018 (decimal 8216)
   defining Unicode char U+2019 (decimal 8217)
   defining Unicode char U+201A (decimal 8218)
   defining Unicode char U+201C (decimal 8220)
   defining Unicode char U+201D (decimal 8221)
   defining Unicode char U+201E (decimal 8222)
   defining Unicode char U+2030 (decimal 8240)
   defining Unicode char U+2031 (decimal 8241)
   defining Unicode char U+2039 (decimal 8249)
   defining Unicode char U+203A (decimal 8250)
   defining Unicode char U+2423 (decimal 9251)
)
Now handling font encoding OT1 ...
... processing UTF-8 mapping file for font encoding OT1

(/usr/share/texlive/texmf-dist/tex/latex/base/ot1enc.dfu
File: ot1enc.dfu 2008/04/05 v1.1m UTF-8 support for inputenc
   defining Unicode char U+00A1 (decimal 161)
   defining Unicode char U+00A3 (decimal 163)
   defining Unicode char U+00B8 (decimal 184)
   defining Unicode char U+00BF (decimal 191)
   defining Unicode char U+00C5 (decimal 197)
   defining Unicode char U+00C6 (decimal 198)
   defining Unicode char U+00D8 (decimal 216)
   defining Unicode char U+00DF (decimal 223)
   defining Unicode char U+00E6 (decimal 230)
   defining Unicode char U+00EC (decimal 236)
   defining Unicode char U+00ED (decimal 237)
   defining Unicode char U+00EE (decimal 238)
   defining Unicode char U+00EF (decimal 239)
   defining Unicode char U+00F8 (decimal 248)
   defining Unicode char U+0131 (decimal 305)
   defining Unicode char U+0141 (decimal 321)
   defining Unicode char U+0142 (decimal 322)
   defining Unicode char U+0152 (decimal 338)
   defining Unicode char U+0153 (decimal 339)
   defining Unicode char U+2013 (decimal 8211)
   defining Unicode char U+2014 (decimal 8212)
   defining Unicode char U+2018 (decimal 8216)
   defining Unicode char U+2019 (decimal 8217)
   defining Unicode char U+201C (decimal 8220)
   defining Unicode char U+201D (decimal 8221)
)
Now handling font encoding OMS ...
... processing UTF-8 mapping file for font encoding OMS

(/usr/share/texlive/texmf-dist/tex/latex/base/omsenc.dfu
File: omsenc.dfu 2008/04/05 v1.1m UTF-8 support for inputenc
   defining Unicode char U+00A7 (decimal 167)
   defining Unicode char U+00B6 (decimal 182)
   defining Unicode char U+00B7 (decimal 183)
   defining Unicode char U+2020 (decimal 8224)
   defining Unicode char U+2021 (decimal 8225)
   defining Unicode char U+2022 (decimal 8226)
)
Now handling font encoding OMX ...
... no UTF-8 mapping file for font encoding OMX
Now handling font encoding U ...
... no UTF-8 mapping file for font encoding U
Now handling font encoding PD1 ...
... no UTF-8 mapping file for font encoding PD1
   defining Unicode char U+00A9 (decimal 169)
   defining Unicode char U+00AA (decimal 170)
   defining Unicode char U+00AE (decimal 174)
   defining Unicode char U+00BA (decimal 186)
   defining Unicode char U+02C6 (decimal 710)
   defining Unicode char U+02DC (decimal 732)
   defining Unicode char U+200C (decimal 8204)
   defining Unicode char U+2026 (decimal 8230)
   defining Unicode char U+2122 (decimal 8482)
   defining Unicode char U+2423 (decimal 9251)
))
(/usr/share/texlive/texmf-dist/tex/latex/lastpage/lastpage.sty
Package: lastpage 2013/01/28 v1.2l Refers to last page's name (HMM; JPG)
)
(/usr/share/texlive/texmf-dist/tex/latex/tools/indentfirst.sty
Package: indentfirst 1995/11/23 v1.03 Indent first paragraph (DPC)
)
(/usr/share/texlive/texmf-dist/tex/latex/graphics/color.sty
Package: color 2005/11/14 v1.0j Standard LaTeX Color (DPC)

(/usr/share/texlive/texmf-dist/tex/latex/latexconfig/color.cfg
File: color.cfg 2007/01/18 v1.5 color configuration of teTeX/TeXLive
)
Package color Info: Driver file: pdftex.def on input line 130.

(/usr/share/texlive/texmf-dist/tex/latex/pdftex-def/pdftex.def
File: pdftex.def 2011/05/27 v0.06d Graphics/color for pdfTeX
\Gread@gobject=\count164
))
(/usr/share/texlive/texmf-dist/tex/latex/graphics/graphicx.sty
Package: graphicx 1999/02/16 v1.0f Enhanced LaTeX Graphics (DPC,SPQR)

(/usr/share/texlive/texmf-dist/tex/latex/graphics/graphics.sty
Package: graphics 2009/02/05 v1.0o Standard LaTeX Graphics (DPC,SPQR)

(/usr/share/texlive/texmf-dist/tex/latex/graphics/trig.sty
Package: trig 1999/03/16 v1.09 sin cos tan (DPC)
)
(/usr/share/texlive/texmf-dist/tex/latex/latexconfig/graphics.cfg
File: graphics.cfg 2010/04/23 v1.9 graphics configuration of TeX Live
)
Package graphics Info: Driver file: pdftex.def on input line 91.
)
\Gin@req@height=\dimen155
\Gin@req@width=\dimen156
)
(/usr/share/texlive/texmf-dist/tex/latex/microtype/microtype.sty
Package: microtype 2013/05/23 v2.5a Micro-typographical refinements (RS)
\MT@toks=\toks26
\MT@count=\count165
LaTeX Info: Redefining \textls on input line 766.
\MT@outer@kern=\dimen157
LaTeX Info: Redefining \textmicrotypecontext on input line 1285.
\MT@listname@count=\count166

(/usr/share/texlive/texmf-dist/tex/latex/microtype/microtype-pdftex.def
File: microtype-pdftex.def 2013/05/23 v2.5a Definitions specific to pdftex (RS)

LaTeX Info: Redefining \lsstyle on input line 915.
LaTeX Info: Redefining \lslig on input line 915.
\MT@outer@space=\skip196
)
Package microtype Info: Loading configuration file microtype.cfg.

(/usr/share/texlive/texmf-dist/tex/latex/microtype/microtype.cfg
File: microtype.cfg 2013/05/23 v2.5a microtype main configuration file (RS)
))
(/usr/share/texlive/texmf-dist/tex/latex/lipsum/lipsum.sty
Package: lipsum 2011/04/14 v1.2 150 paragraphs of Lorem Ipsum dummy text
\c@lips@count=\count167
)
(/usr/share/texlive/texmf-dist/tex/latex/hyperref/backref.sty
Package: backref 2012/07/25 v1.38 Bibliographical back referencing
)
(./style/abntex2cite.sty

LaTeX Warning: You have requested package `style/abntex2cite',
               but the package provides `abntex2cite'.

Package: abntex2cite 2015/04/28 v1.9.5 abnTeX2
(./abntex2abrev.sty)
\minimumbiblabelwidth=\skip197
\ABCIauxlen=\skip198
\c@ABCIaux=\count168
\c@ABCImax=\count169

(/usr/share/texlive/texmf-dist/tex/latex/relsize/relsize.sty
Package: relsize 2013/03/29 ver 4.1
)
\biblabelsep=\skip199
LaTeX Info: Redefining \newblock on input line 591.
LaTeX Info: Redefining \cite on input line 618.
\ABCItoken=\toks27
)
\c@hypothesisno=\count170
Package color Info: Redefining color blue on input line 127.
Package hyperref Info: Option `colorlinks' set `true' on input line 144.
\main@idxfile=\write4
\openout4 = `main.idx'.


Writing index file main.idx 
(./main.aux)
\openout1 = `main.aux'.

LaTeX Font Info:    Checking defaults for OML/cmm/m/it on input line 167.
LaTeX Font Info:    ... okay on input line 167.
LaTeX Font Info:    Checking defaults for T1/cmr/m/n on input line 167.
LaTeX Font Info:    ... okay on input line 167.
LaTeX Font Info:    Checking defaults for OT1/cmr/m/n on input line 167.
LaTeX Font Info:    ... okay on input line 167.
LaTeX Font Info:    Checking defaults for OMS/cmsy/m/n on input line 167.
LaTeX Font Info:    ... okay on input line 167.
LaTeX Font Info:    Checking defaults for OMX/cmex/m/n on input line 167.
LaTeX Font Info:    ... okay on input line 167.
LaTeX Font Info:    Checking defaults for U/cmr/m/n on input line 167.
LaTeX Font Info:    ... okay on input line 167.
LaTeX Font Info:    Checking defaults for PD1/pdf/m/n on input line 167.
LaTeX Font Info:    ... okay on input line 167.
LaTeX Font Info:    Try loading font information for T1+lmr on input line 167.
 (/usr/share/texmf/tex/latex/lm/t1lmr.fd
File: t1lmr.fd 2009/10/30 v1.6 Font defs for Latin Modern
)
\AtBeginShipoutBox=\box30
Package hyperref Info: Link coloring ON on input line 167.

(/usr/share/texlive/texmf-dist/tex/latex/hyperref/nameref.sty
Package: nameref 2012/10/27 v2.43 Cross-referencing by name of section

(/usr/share/texlive/texmf-dist/tex/generic/oberdiek/gettitlestring.sty
Package: gettitlestring 2010/12/03 v1.4 Cleanup title references (HO)
)
\c@section@level=\count171
)
Redoing nameref's sectioning
Redoing nameref's label
LaTeX Info: Redefining \nameref on input line 167.
LaTeX Info: Redefining \ref on input line 167.
LaTeX Info: Redefining \pageref on input line 167.
LaTeX Info: Redefining \nameref on input line 167.
\myptabbox=\box31
\myptabboxwidth=\skip200
Package lastpage Info: Please have a look at the pageslts package at
(lastpage)             http://www.ctan.org/tex-archive/ 
(lastpage)             macros/latex/contrib/pageslts/ 
(lastpage)             or
(lastpage)             http://www.ctan.org/tex-archive/ 
(lastpage)             install/macros/latex/contrib/pageslts.tds.zip
(lastpage)             ! on input line 167.
(/usr/share/texlive/texmf-dist/tex/context/base/supp-pdf.mkii
[Loading MPS to PDF converter (version 2006.09.02).]
\scratchcounter=\count172
\scratchdimen=\dimen158
\scratchbox=\box32
\nofMPsegments=\count173
\nofMParguments=\count174
\everyMPshowfont=\toks28
\MPscratchCnt=\count175
\MPscratchDim=\dimen159
\MPnumerator=\count176
\makeMPintoPDFobject=\count177
\everyMPtoPDFconversion=\toks29
) (/usr/share/texlive/texmf-dist/tex/latex/oberdiek/epstopdf-base.sty
Package: epstopdf-base 2010/02/09 v2.5 Base part for package epstopdf

(/usr/share/texlive/texmf-dist/tex/latex/oberdiek/grfext.sty
Package: grfext 2010/08/19 v1.1 Manage graphics extensions (HO)
)
Package grfext Info: Graphics extension search list:
(grfext)             [.png,.pdf,.jpg,.mps,.jpeg,.jbig2,.jb2,.PNG,.PDF,.JPG,.JPE
G,.JBIG2,.JB2,.eps]
(grfext)             \AppendGraphicsExtensions on input line 452.

(/usr/share/texlive/texmf-dist/tex/latex/latexconfig/epstopdf-sys.cfg
File: epstopdf-sys.cfg 2010/07/13 v1.3 Configuration of (r)epstopdf for TeX Liv
e
))
LaTeX Info: Redefining \microtypecontext on input line 167.
Package microtype Info: Generating PDF output.
Package microtype Info: Character protrusion enabled (level 2).
Package microtype Info: Using default protrusion set `alltext'.
Package microtype Info: Automatic font expansion enabled (level 2),
(microtype)             stretch: 20, shrink: 20, step: 1, non-selected.
Package microtype Info: Using default expansion set `basictext'.
Package microtype Info: No adjustment of tracking.
Package microtype Info: No adjustment of interword spacing.
Package microtype Info: No adjustment of character kerning.

(/usr/share/texlive/texmf-dist/tex/latex/microtype/mt-cmr.cfg
File: mt-cmr.cfg 2013/05/19 v2.2 microtype config. file: Computer Modern Roman 
(RS)
)
LaTeX Font Info:    Try loading font information for T1+lmss on input line 184.


(/usr/share/texmf/tex/latex/lm/t1lmss.fd
File: t1lmss.fd 2009/10/30 v1.6 Font defs for Latin Modern
)
Package microtype Info: Loading generic settings for font family
(microtype)             `lmss' (encoding: T1).
(microtype)             For optimal results, create family-specific settings.
(microtype)             See the microtype manual for details.
 [1

{/var/lib/texmf/fonts/map/pdftex/updmap/pdftex.map}] [2

]
LaTeX Font Info:    Try loading font information for OT1+lmr on input line 193.

 (/usr/share/texmf/tex/latex/lm/ot1lmr.fd
File: ot1lmr.fd 2009/10/30 v1.6 Font defs for Latin Modern
)
LaTeX Font Info:    Try loading font information for OML+lmm on input line 193.


(/usr/share/texmf/tex/latex/lm/omllmm.fd
File: omllmm.fd 2009/10/30 v1.6 Font defs for Latin Modern
)
LaTeX Font Info:    Try loading font information for OMS+lmsy on input line 193
.

(/usr/share/texmf/tex/latex/lm/omslmsy.fd
File: omslmsy.fd 2009/10/30 v1.6 Font defs for Latin Modern
)
LaTeX Font Info:    Try loading font information for OMX+lmex on input line 193
.

(/usr/share/texmf/tex/latex/lm/omxlmex.fd
File: omxlmex.fd 2009/10/30 v1.6 Font defs for Latin Modern
)
LaTeX Font Info:    External font `lmex10' loaded for size
(Font)              <12> on input line 193.
LaTeX Font Info:    External font `lmex10' loaded for size
(Font)              <8> on input line 193.
LaTeX Font Info:    External font `lmex10' loaded for size
(Font)              <6> on input line 193.
pdfTeX warning (ext4): destination with the same identifier (name{page.1}) has 
been already used, duplicate ignored
<to be read again> 
                   \relax 
l.193 
       [1


]
Underfull \hbox (badness 10000) in paragraph at lines 237--237

 []


Underfull \hbox (badness 10000) in paragraph at lines 237--237

 []


Overfull \hbox (16.6597pt too wide) in paragraph at lines 237--237
[]  [] 
 []


Underfull \hbox (badness 10000) in paragraph at lines 237--237

 []

LaTeX Font Info:    External font `lmex10' loaded for size
(Font)              <10> on input line 237.
LaTeX Font Info:    External font `lmex10' loaded for size
(Font)              <7> on input line 237.
LaTeX Font Info:    External font `lmex10' loaded for size
(Font)              <5> on input line 237.
pdfTeX warning (ext4): destination with the same identifier (name{page.2}) has 
been already used, duplicate ignored
<to be read again> 
                   \relax 
l.254 
       [2] [3

] [4

] (./chapters/resumo.tex) (./chapters/abstract.tex [5])
(./main.lof
Underfull \vbox (badness 2181) has occurred while \output is active []

 [6])
[7] (./main.lot) [8

] (./chapters/listaAbreviaturaSiglas.tex [9


] [10

])
(./main.toc [11] [12]
Overfull \hbox (1.5877pt too wide) detected at line 100
 \T1/lmss/bx/n/12 100
 []


Overfull \hbox (1.5877pt too wide) detected at line 103
 \T1/lmss/bx/n/12 101
 []


Overfull \hbox (1.5877pt too wide) detected at line 104
 \T1/lmss/bx/n/12 102
 []


Overfull \hbox (1.5877pt too wide) detected at line 107
 \T1/lmss/bx/n/12 102
 []


Overfull \hbox (1.5877pt too wide) detected at line 109
 \T1/lmss/bx/n/12 103
 []


Overfull \hbox (1.5877pt too wide) detected at line 112
 \T1/lmss/bx/n/12 105
 []

LaTeX Font Info:    External font `lmex10' loaded for size
(Font)              <14.4> on input line 116.

Overfull \hbox (1.5877pt too wide) detected at line 120
 \T1/lmss/bx/n/12 117
 []


Overfull \hbox (1.5877pt too wide) detected at line 121
 \T1/lmss/bx/n/12 117
 []


Overfull \hbox (1.5877pt too wide) detected at line 122
 \T1/lmss/bx/n/12 117
 []


Overfull \hbox (1.5877pt too wide) detected at line 123
 \T1/lmss/bx/n/12 117
 []


Overfull \hbox (1.5877pt too wide) detected at line 127
 \T1/lmss/bx/n/12 119
 []

) [13] (./chapters/introducao.tex [14


] [15] [16]
LaTeX Font Info:    Try loading font information for OMS+lmr on input line 63.

(/usr/share/texmf/tex/latex/lm/omslmr.fd
File: omslmr.fd 2009/10/30 v1.6 Font defs for Latin Modern
)
LaTeX Font Info:    Font shape `OMS/lmr/m/n' in size <12> not available
(Font)              Font shape `OMS/lmsy/m/n' tried instead on input line 63.

Underfull \vbox (badness 1852) has occurred while \output is active []

 [17])
(./chapters/opendata.tex [18]
Underfull \vbox (badness 2564) has occurred while \output is active []

 [19

]
Underfull \vbox (badness 10000) has occurred while \output is active []

 [20]
Underfull \vbox (badness 1117) has occurred while \output is active []

 [21]
[22] [23]
<images/odi_open_data_spectrum.jpg, id=567, 1505.625pt x 846.16125pt>
File: images/odi_open_data_spectrum.jpg Graphic file (type jpg)

<use images/odi_open_data_spectrum.jpg>
Package pdftex.def Info: images/odi_open_data_spectrum.jpg used on input line 1
75.
(pdftex.def)             Requested size: 451.691pt x 253.85033pt.
 [24 <./images/odi_open_data_spectrum.jpg>] [25] [26] <images/model.pdf, id=634
, 649.42625pt x 279.0425pt>
File: images/model.pdf Graphic file (type pdf)

<use images/model.pdf>
Package pdftex.def Info: images/model.pdf used on input line 240.
(pdftex.def)             Requested size: 487.0685pt x 209.28136pt.

Overfull \hbox (32.0685pt too wide) in paragraph at lines 240--241
 [] 
 []

[27 <./images/model.pdf>]
Underfull \vbox (badness 10000) has occurred while \output is active []

 [28]
Underfull \vbox (badness 5847) has occurred while \output is active []

 [29]
[30] <images/Data-Schematic-FiveTypes.png, id=721, 473.77pt x 675.52374pt>
File: images/Data-Schematic-FiveTypes.png Graphic file (type png)

<use images/Data-Schematic-FiveTypes.png>
Package pdftex.def Info: images/Data-Schematic-FiveTypes.png used on input line
 396.
(pdftex.def)             Requested size: 284.26419pt x 405.31737pt.


LaTeX Warning: `!h' float specifier changed to `!ht'.

[31] [32 <./images/Data-Schematic-FiveTypes.png>] [33]
Underfull \vbox (badness 8132) has occurred while \output is active []

 [34])
(./chapters/dataliteracy.tex [35] [36

]
Underfull \vbox (badness 10000) has occurred while \output is active []

 [37]
Underfull \vbox (badness 4036) has occurred while \output is active []

 [38]
Underfull \vbox (badness 10000) has occurred while \output is active []

 [39]
Underfull \vbox (badness 10000) has occurred while \output is active []

 [40]
LaTeX Font Info:    External font `lmex10' loaded for size
(Font)              <17.28> on input line 84.

[41] [42]
Underfull \vbox (badness 1331) has occurred while \output is active []

 [43]
[44]
Underfull \hbox (badness 1838) in paragraph at lines 166--166
[]|\T1/lmr/m/n/10 (+20) Survey of vo-cab-u-lary
 []


Overfull \hbox (2.0412pt too wide) in paragraph at lines 170--170
[]|\T1/lmr/m/n/10 (-20) Problematisation| 
 []


Underfull \hbox (badness 10000) in paragraph at lines 170--170
[]|\T1/lmr/m/n/10 (+20) Finding con-tra-dic-
 []


Underfull \hbox (badness 10000) in paragraph at lines 170--170
\T1/lmr/m/n/10 (+20) tions sur-round-ing
 []


Underfull \hbox (badness 5862) in paragraph at lines 170--170
\T1/lmr/m/n/10 (+20) the de-coded themes,
 []


Underfull \hbox (badness 1616) in paragraph at lines 170--170
\T1/lmr/m/n/10 (+20) and de-mys-ti-fy-ing the
 []


Underfull \hbox (badness 10000) in paragraph at lines 170--170
[]|\T1/lmr/m/n/10 (+20) Discovering non-
 []


Underfull \hbox (badness 10000) in paragraph at lines 170--170
\T1/lmr/m/n/10 (+20) neutrality in data:
 []


Underfull \hbox (badness 10000) in paragraph at lines 170--170
\T1/lmr/m/n/10 (+20) which as-pects are
 []


Underfull \hbox (badness 1442) in paragraph at lines 172--172
[]|\T1/lmr/m/n/10 (+20) Organizing and in-ter-
 []


Underfull \hbox (badness 4913) in paragraph at lines 172--172
[]|\T1/lmr/m/n/10 (+20) Communication prod-
 []


Underfull \vbox (badness 1616) has occurred while \output is active []

 [45]
Underfull \vbox (badness 1259) has occurred while \output is active []

 [46]
<images/critica_data_literacy.pdf, id=963, 483.8075pt x 370.38374pt>
File: images/critica_data_literacy.pdf Graphic file (type pdf)

<use images/critica_data_literacy.pdf>
Package pdftex.def Info: images/critica_data_literacy.pdf used on input line 19
2.
(pdftex.def)             Requested size: 387.04652pt x 296.30739pt.
 [47 <./images/critica_data_literacy.pdf>]
Underfull \vbox (badness 10000) has occurred while \output is active []

 [48]
Underfull \vbox (badness 10000) has occurred while \output is active []

 [49]
[50]
Underfull \vbox (badness 10000) has occurred while \output is active []

 [51]
[52]

LaTeX Warning: No positions in optional float specifier.
               Default added (so using `tbp') on input line 299.

<images/opendatatradeoff.pdf, id=1049, 597.23125pt x 597.23125pt>
File: images/opendatatradeoff.pdf Graphic file (type pdf)

<use images/opendatatradeoff.pdf>
Package pdftex.def Info: images/opendatatradeoff.pdf used on input line 322.
(pdftex.def)             Requested size: 358.3415pt x 358.3415pt.


LaTeX Warning: `!h' float specifier changed to `!ht'.

[53]
Underfull \vbox (badness 10000) has occurred while \output is active []

 [54 <./images/opendatatradeoff.pdf>]

LaTeX Warning: No positions in optional float specifier.
               Default added (so using `tbp') on input line 338.


Underfull \vbox (badness 10000) has occurred while \output is active []

 [55]
Underfull \vbox (badness 7344) has occurred while \output is active []

 [56]

LaTeX Warning: No positions in optional float specifier.
               Default added (so using `tbp') on input line 383.


Underfull \vbox (badness 10000) has occurred while \output is active []

 [57]

LaTeX Warning: No positions in optional float specifier.
               Default added (so using `tbp') on input line 405.


Underfull \vbox (badness 10000) has occurred while \output is active []

 [58]
[59]
Underfull \vbox (badness 10000) has occurred while \output is active []

 [60]
<images/impediments_classification.pdf, id=1125, 938.50626pt x 845.1575pt>
File: images/impediments_classification.pdf Graphic file (type pdf)

<use images/impediments_classification.pdf>
Package pdftex.def Info: images/impediments_classification.pdf used on input li
ne 469.
(pdftex.def)             Requested size: 469.25198pt x 422.57771pt.

Overfull \hbox (14.25198pt too wide) in paragraph at lines 469--472
 [] 
 []


LaTeX Warning: `!h' float specifier changed to `!ht'.


Underfull \vbox (badness 1286) has occurred while \output is active []

 [61]
Underfull \vbox (badness 3758) has occurred while \output is active []

 [62 <./images/impediments_classification.pdf>]) (./chapters/relworks.tex [63] 
[64

]
[65] [66] <images/tagging_ontology.png, id=1211, 814.04124pt x 322.20375pt>
File: images/tagging_ontology.png Graphic file (type png)

<use images/tagging_ontology.png>
Package pdftex.def Info: images/tagging_ontology.png used on input line 76.
(pdftex.def)             Requested size: 455.0pt x 180.09363pt.
 [67 <./images/tagging_ontology.png>]
<images/muto.png, id=1243, 766.865pt x 199.74625pt>
File: images/muto.png Graphic file (type png)
 <use images/muto.png>
Package pdftex.def Info: images/muto.png used on input line 95.
(pdftex.def)             Requested size: 455.0pt x 118.51674pt.

Underfull \vbox (badness 1014) has occurred while \output is active []

 [68 <./images/muto.png>]
Underfull \vbox (badness 1838) has occurred while \output is active []

 [69]
[70] <images/SRTag.png, id=1320, 1014.79124pt x 275.0275pt>
File: images/SRTag.png Graphic file (type png)

<use images/SRTag.png>
Package pdftex.def Info: images/SRTag.png used on input line 224.
(pdftex.def)             Requested size: 455.0pt x 123.3122pt.

Underfull \vbox (badness 1286) has occurred while \output is active []

 [71]
[72 <./images/SRTag.png>]

LaTeX Warning: No positions in optional float specifier.
               Default added (so using `tbp') on input line 277.


Underfull \vbox (badness 1715) has occurred while \output is active []

 [73]
<images/tag_once_dist.png, id=1380, 289.08pt x 216.81pt>
File: images/tag_once_dist.png Graphic file (type png)

<use images/tag_once_dist.png>
Package pdftex.def Info: images/tag_once_dist.png used on input line 338.
(pdftex.def)             Requested size: 346.89426pt x 260.17068pt.

Underfull \vbox (badness 10000) has occurred while \output is active []

 [74 <./images/tag_once_dist.png>]
<images/tags_per_dataset.png, id=1388, 289.08pt x 216.81pt>
File: images/tags_per_dataset.png Graphic file (type png)

<use images/tags_per_dataset.png>
Package pdftex.def Info: images/tags_per_dataset.png used on input line 357.
(pdftex.def)             Requested size: 346.89426pt x 260.17068pt.
LaTeX Font Info:    Try loading font information for T1+lmtt on input line 368.

 (/usr/share/texmf/tex/latex/lm/t1lmtt.fd
File: t1lmtt.fd 2009/10/30 v1.6 Font defs for Latin Modern
)
Package microtype Info: Loading generic settings for font family
(microtype)             `lmtt' (encoding: T1).
(microtype)             For optimal results, create family-specific settings.
(microtype)             See the microtype manual for details.

Underfull \vbox (badness 1270) has occurred while \output is active []

 [75 <./images/tags_per_dataset.png>]
<images/similarity.png, id=1397, 289.08pt x 216.81pt>
File: images/similarity.png Graphic file (type png)

<use images/similarity.png>
Package pdftex.def Info: images/similarity.png used on input line 385.
(pdftex.def)             Requested size: 346.89426pt x 260.17068pt.
 [76 <./images/similarity.png>] [77]

LaTeX Warning: No positions in optional float specifier.
               Default added (so using `tbp') on input line 442.

[78]) (./chapters/tagging.tex [79] [80

]
Underfull \vbox (badness 1038) has occurred while \output is active []

 [81]
Underfull \vbox (badness 10000) has occurred while \output is active []

 [82]
Overfull \hbox (5.31143pt too wide) in paragraph at lines 80--81
\T1/lmr/m/n/12 (-20) ences in cap-i-tal-iza-tion or ac-cents, e.g., \T1/lmtt/m/
n/12 baden-wuerttemberg \T1/lmr/m/n/12 (-20) and \T1/lmtt/m/n/12 Baden-Wrttemb
erg\T1/lmr/m/n/12 (-20) ; 
 []

[83] <images/odp_definition.pdf, id=1490, 645.41125pt x 597.23125pt>
File: images/odp_definition.pdf Graphic file (type pdf)

<use images/odp_definition.pdf>
Package pdftex.def Info: images/odp_definition.pdf used on input line 109.
(pdftex.def)             Requested size: 387.24974pt x 358.3415pt.
 [84 <./images/odp_definition.pdf>]
<images/overview.pdf, id=1542, 739.76375pt x 389.455pt>
File: images/overview.pdf Graphic file (type pdf)

<use images/overview.pdf>
Package pdftex.def Info: images/overview.pdf used on input line 133.
(pdftex.def)             Requested size: 480.84073pt x 253.14275pt.

Overfull \hbox (25.84073pt too wide) in paragraph at lines 133--136
 [] 
 []


Underfull \vbox (badness 10000) has occurred while \output is active []

 [85 <./images/overview.pdf>]
<images/local_processing.pdf, id=1592, 674.52pt x 284.06125pt>
File: images/local_processing.pdf Graphic file (type pdf)

<use images/local_processing.pdf>
Package pdftex.def Info: images/local_processing.pdf used on input line 166.
(pdftex.def)             Requested size: 472.16078pt x 198.84149pt.

Overfull \hbox (17.16078pt too wide) in paragraph at lines 166--167
 [] 
 []

[86 <./images/local_processing.pdf>]

LaTeX Warning: No positions in optional float specifier.
               Default added (so using `tbp') on input line 217.


Underfull \hbox (badness 10000) in paragraph at lines 225--234
[]|\T1/lmr/m/n/10 (+20) Acidente
 []


Underfull \hbox (badness 1960) in paragraph at lines 225--234
\T1/lmr/m/n/10 (+20) de tra-balho,
 []


Underfull \hbox (badness 10000) in paragraph at lines 225--234
\T1/lmr/m/n/10 (+20) Aci-dentes
 []


Underfull \hbox (badness 1960) in paragraph at lines 225--234
\T1/lmr/m/n/10 (+20) de tra-balho,
 []


Underfull \hbox (badness 10000) in paragraph at lines 225--234
\T1/lmr/m/n/10 (+20) CNAE,
 []


Underfull \hbox (badness 10000) in paragraph at lines 225--234
\T1/lmr/m/n/10 (+20) fi-nanas,
 []


Underfull \hbox (badness 10000) in paragraph at lines 225--234
\T1/lmr/m/n/10 (+20) mu-nic-pio,
 []


Underfull \hbox (badness 10000) in paragraph at lines 225--234
\T1/lmr/m/n/10 (+20) ora-mento,
 []


Underfull \hbox (badness 10000) in paragraph at lines 235--239
[]|\T1/lmr/m/n/10 (+20) Acidente
 []


Underfull \hbox (badness 1960) in paragraph at lines 235--239
\T1/lmr/m/n/10 (+20) de tra-balho,
 []


Underfull \hbox (badness 10000) in paragraph at lines 235--239
\T1/lmr/m/n/10 (+20) Aci-dentes
 []


Underfull \hbox (badness 1960) in paragraph at lines 235--239
\T1/lmr/m/n/10 (+20) de tra-balho,
 []


Underfull \hbox (badness 10000) in paragraph at lines 235--239
\T1/lmr/m/n/10 (+20) fi-nanas,
 []


Underfull \hbox (badness 10000) in paragraph at lines 240--243
[]|\T1/lmr/m/n/10 (+20) {Acidente
 []


Underfull \hbox (badness 1960) in paragraph at lines 240--243
\T1/lmr/m/n/10 (+20) de tra-balho,
 []


Underfull \hbox (badness 10000) in paragraph at lines 240--243
\T1/lmr/m/n/10 (+20) Aci-dentes
 []


Underfull \hbox (badness 10000) in paragraph at lines 240--243
\T1/lmr/m/n/10 (+20) fi-nanas,
 []


Underfull \hbox (badness 10000) in paragraph at lines 244--247
[]|\T1/lmr/m/n/10 (+20) -- fi-nances,
 []


Underfull \hbox (badness 10000) in paragraph at lines 248--250
[]|\T1/lmr/m/n/10 (+20) {gemet:9366,
 []


Underfull \hbox (badness 10000) in paragraph at lines 248--250
\T1/lmr/m/n/10 (+20) eu-
 []


Underfull \hbox (badness 10000) in paragraph at lines 248--250
\T1/lmr/m/n/10 (+20) rovoc:825},
 []


Underfull \hbox (badness 10000) in paragraph at lines 248--250
\T1/lmr/m/n/10 (+20) eionet:3194
 []


Underfull \vbox (badness 10000) has occurred while \output is active []

 [87]
Underfull \vbox (badness 2351) has occurred while \output is active []

 [88]

LaTeX Warning: No positions in optional float specifier.
               Default added (so using `tbp') on input line 296.


Overfull \hbox (5.64366pt too wide) in paragraph at lines 303--303
[]|\T1/lmr/m/n/10 (-20) Data.buenosaires.gob.ar| 
 []


Underfull \hbox (badness 3281) in paragraph at lines 305--305
[]|\T1/lmr/m/n/10 (+20) Population / Ed-u-
 []


Underfull \hbox (badness 2772) in paragraph at lines 305--305
\T1/lmr/m/n/10 (+20) ca-tion and sci-ence
 []


Underfull \hbox (badness 1281) in paragraph at lines 305--305
\T1/lmr/m/n/10 (+20) / Ge-og-ra-phy, Ge-ol-
 []


Underfull \hbox (badness 1210) in paragraph at lines 305--305
\T1/lmr/m/n/10 (+20) ture, leisure, sport,
 []


Underfull \hbox (badness 1314) in paragraph at lines 305--305
\T1/lmr/m/n/10 (+20) tourism / Not yet
 []


Underfull \hbox (badness 1888) in paragraph at lines 305--305
\T1/lmr/m/n/10 (+20) So-cial / Trans-port
 []


Underfull \hbox (badness 5345) in paragraph at lines 306--327
\T1/lmr/m/n/10 (+20) tourism / cul-ture,
 []


Underfull \hbox (badness 4595) in paragraph at lines 328--337
[]|\T1/lmr/m/n/10 (+20) economic ac-tiv-ity /
 []


Underfull \vbox (badness 10000) has occurred while \output is active []

 [89]
<images/global_processing.pdf, id=1635, 511.9125pt x 198.7425pt>
File: images/global_processing.pdf Graphic file (type pdf)

<use images/global_processing.pdf>
Package pdftex.def Info: images/global_processing.pdf used on input line 356.
(pdftex.def)             Requested size: 409.53056pt x 158.9942pt.
 [90 <./images/global_processing.pdf>]
<images/example.pdf, id=1653, 589.20125pt x 341.275pt>
File: images/example.pdf Graphic file (type pdf)

<use images/example.pdf>
Package pdftex.def Info: images/example.pdf used on input line 425.
(pdftex.def)             Requested size: 412.43805pt x 238.89085pt.

Overfull \hbox (48.59322pt too wide) in paragraph at lines 431--435
[]\T1/lmr/m/n/12 (-20) The ex-am-ple shows the global tag iden-ti-fied by the U
RI \T1/lmtt/m/n/12 <http://stodap.org/tags/Budget>\T1/lmr/m/n/12 (-20) .
 []


Underfull \vbox (badness 1371) has occurred while \output is active []

 [91]
Underfull \vbox (badness 10000) has occurred while \output is active []

 [92 <./images/example.pdf>]
<images/local_curation.png, id=1704, 753.81625pt x 841.1425pt>
File: images/local_curation.png Graphic file (type png)

<use images/local_curation.png>
Package pdftex.def Info: images/local_curation.png used on input line 503.
(pdftex.def)             Requested size: 455.0pt x 507.70558pt.

<images/local_link.png, id=1706, 704.6325pt x 305.14pt>
File: images/local_link.png Graphic file (type png)

<use images/local_link.png>
Package pdftex.def Info: images/local_link.png used on input line 517.
(pdftex.def)             Requested size: 352.3154pt x 152.56961pt.

Underfull \hbox (badness 4217) in paragraph at lines 518--518
[][]\T1/lmr/m/n/12 (+20) Detail of dataset in an ODP. The dataset is tagged wit
h two
 []


Underfull \hbox (badness 1325) in paragraph at lines 518--518
\T1/lmr/m/n/12 (+20) tags, and one of them (\T1/lmtt/m/n/12 alimentos\T1/lmr/m/
n/12 (+20) ) is con-nected to the global tag
 []

[93] <images/tag_server.png, id=1720, 762.85pt x 661.47125pt>
File: images/tag_server.png Graphic file (type png)

<use images/tag_server.png>
Package pdftex.def Info: images/tag_server.png used on input line 532.
(pdftex.def)             Requested size: 455.0pt x 394.53409pt.

<images/results_tagged_resources.png, id=1724, 475.0548pt x 396.5214pt>
File: images/results_tagged_resources.png Graphic file (type png)

<use images/results_tagged_resources.png>
Package pdftex.def Info: images/results_tagged_resources.png used on input line
 568.
(pdftex.def)             Requested size: 380.04436pt x 317.21753pt.

Underfull \vbox (badness 1466) has occurred while \output is active []

 [94])
(./chapters/evaluation.tex [95] [96 <./images/local_curation.png>] [97 <./image
s/local_link.png> <./images/tag_server.png>] [98 <./images/results_tagged_resou
rces.png>] [99

]

LaTeX Warning: No positions in optional float specifier.
               Default added (so using `tbp') on input line 79.

[100] [101]) (./chapters/conclusions.tex [102]) (./main.bbl (./main.brf)
\tf@brf=\write5
\openout5 = `main.brf'.


[103

] [104

]

Package hyperref Warning: Token not allowed in a PDF string (PDFDocEncoding):
(hyperref)                removing `\uppercase' on input line 3.

bibitemlist
[105] [106] [107] [108] [109] [110] [111] [112]) [113] [114]

Package hyperref Warning: Token not allowed in a PDF string (PDFDocEncoding):
(hyperref)                removing `\uppercase' on input line 427.

[115


] [116] (./chapters/listofpublications.tex)
(./chapters/results_opendata.tex [117

] [118

]

LaTeX Warning: No positions in optional float specifier.
               Default added (so using `tbp') on input line 56.


Underfull \hbox (badness 3396) in paragraph at lines 67--67
[]|\T1/lmr/m/n/10 (+20) Improve knowl-edge about
 []


Underfull \hbox (badness 10000) in paragraph at lines 73--73
[]|\T1/lmr/m/n/10 (+20) Validate/legitimate ar-gu-
 []


Underfull \hbox (badness 10000) in paragraph at lines 73--73
\T1/lmr/m/n/10 (+20) ments in com-mu-ni-ca-tion
 []


LaTeX Warning: No positions in optional float specifier.
               Default added (so using `tbp') on input line 84.


LaTeX Warning: No positions in optional float specifier.
               Default added (so using `tbp') on input line 112.

) (./main.ind) 
AED: lastpage setting LastPage
[119] [120] [121] [122]
\tf@lof=\write6
\openout6 = `main.lof'.

\tf@lot=\write7
\openout7 = `main.lot'.

\tf@toc=\write8
\openout8 = `main.toc'.

Package atveryend Info: Empty hook `BeforeClearDocument' on input line 443.
Package atveryend Info: Empty hook `AfterLastShipout' on input line 443.
 (./main.aux)
Package atveryend Info: Executing hook `AtVeryEndDocument' on input line 443.
Package atveryend Info: Executing hook `AtEndAfterFileList' on input line 443.
Package rerunfilecheck Info: File `main.brf' has not changed.
(rerunfilecheck)             Checksum: 0BD9512912F4364F859F7F85B3E41CEC;10265.


LaTeX Warning: Label(s) may have changed. Rerun to get cross-references right.

Package atveryend Info: Empty hook `AtVeryVeryEnd' on input line 443.
 ) 
Here is how much of TeX's memory you used:
 15037 strings out of 495004
 224610 string characters out of 6180662
 487391 words of memory out of 5000000
 17275 multiletter control sequences out of 15000+600000
 110378 words of font info for 189 fonts, out of 8000000 for 9000
 16 hyphenation exceptions out of 8191
 41i,14n,35p,1420b,707s stack positions out of 5000i,500n,10000p,200000b,80000s
{/usr/share/texmf/fonts/enc/dvips/lm/lm-rm.enc}{/usr/share/texmf/fonts/enc/dv
ips/lm/lm-mathit.enc}{/usr/share/texmf/fonts/enc/dvips/lm/lm-ec.enc}{/usr/share
/texmf/fonts/enc/dvips/lm/lm-mathsy.enc}</usr/share/texlive/texmf-dist/fonts/ty
pe1/public/amsfonts/cm/cmr12.pfb></usr/share/texmf/fonts/type1/public/lm/lmbx10
.pfb></usr/share/texmf/fonts/type1/public/lm/lmbx12.pfb></usr/share/texmf/fonts
/type1/public/lm/lmmi10.pfb></usr/share/texmf/fonts/type1/public/lm/lmmi12.pfb>
</usr/share/texmf/fonts/type1/public/lm/lmmi7.pfb></usr/share/texmf/fonts/type1
/public/lm/lmmi8.pfb></usr/share/texmf/fonts/type1/public/lm/lmr10.pfb></usr/sh
are/texmf/fonts/type1/public/lm/lmr12.pfb></usr/share/texmf/fonts/type1/public/
lm/lmr7.pfb></usr/share/texmf/fonts/type1/public/lm/lmr8.pfb></usr/share/texmf/
fonts/type1/public/lm/lmri10.pfb></usr/share/texmf/fonts/type1/public/lm/lmri12
.pfb></usr/share/texmf/fonts/type1/public/lm/lmss10.pfb></usr/share/texmf/fonts
/type1/public/lm/lmss12.pfb></usr/share/texmf/fonts/type1/public/lm/lmss17.pfb>
</usr/share/texmf/fonts/type1/public/lm/lmssbx10.pfb></usr/share/texmf/fonts/ty
pe1/public/lm/lmsy10.pfb></usr/share/texmf/fonts/type1/public/lm/lmtt12.pfb>
Output written on main.pdf (124 pages, 3012214 bytes).
PDF statistics:
 2643 PDF objects out of 2984 (max. 8388607)
 2351 compressed objects within 24 object streams
 474 named destinations out of 1000 (max. 500000)
 34778 words of extra memory for PDF output out of 35830 (max. 10000000)

